<?xml version="1.0" encoding="UTF-8"?>
<testng-results ignored="0" total="1" passed="1" failed="0" skipped="0">
  <reporter-output>
    <line>
      <![CDATA[Browser Init and navigate to http://eaapp.somee.com/Account/Login]]>
    </line>
    <line>
      <![CDATA[
Home login button clicked and login page get open]]>
    </line>
    <line>
      <![CDATA[user name input]]>
    </line>
    <line>
      <![CDATA[password input]]>
    </line>
    <line>
      <![CDATA[click button clicked]]>
    </line>
  </reporter-output>
  <suite started-at="2023-09-28T15:07:42 EDT" name="mySuite" finished-at="2023-09-28T15:07:46 EDT" duration-ms="3671">
    <groups>
    </groups>
    <test started-at="2023-09-28T15:07:42 EDT" name="myTest" finished-at="2023-09-28T15:07:46 EDT" duration-ms="3671">
      <class name="mavenTestWithJenkins.projectOneUsingMavenGitAndJenkins.TestNgLoginValidation">
        <test-method is-config="true" signature="beforeTest(java.lang.String,java.lang.String)[pri:0, instance:mavenTestWithJenkins.projectOneUsingMavenGitAndJenkins.TestNgLoginValidation@48aca48b]" started-at="2023-09-28T15:07:42 EDT" name="beforeTest" finished-at="2023-09-28T15:07:45 EDT" duration-ms="2939" status="PASS">
          <params>
            <param index="0">
              <value>
                <![CDATA[http://eaapp.somee.com/Account/Login]]>
              </value>
            </param>
            <param index="1">
              <value>
                <![CDATA[chrome]]>
              </value>
            </param>
          </params>
          <reporter-output>
            <line>
              <![CDATA[Browser Init and navigate to http://eaapp.somee.com/Account/Login]]>
            </line>
          </reporter-output>
        </test-method> <!-- beforeTest -->
        <test-method signature="VerifyIfUserIsAbleToLoginWithValidUsernameButBlankPassword()[pri:0, instance:mavenTestWithJenkins.projectOneUsingMavenGitAndJenkins.TestNgLoginValidation@48aca48b]" started-at="2023-09-28T15:07:45 EDT" name="VerifyIfUserIsAbleToLoginWithValidUsernameButBlankPassword" finished-at="2023-09-28T15:07:45 EDT" duration-ms="558" status="PASS">
          <reporter-output>
            <line>
              <![CDATA[
Home login button clicked and login page get open]]>
            </line>
            <line>
              <![CDATA[user name input]]>
            </line>
            <line>
              <![CDATA[password input]]>
            </line>
            <line>
              <![CDATA[click button clicked]]>
            </line>
          </reporter-output>
        </test-method> <!-- VerifyIfUserIsAbleToLoginWithValidUsernameButBlankPassword -->
        <test-method is-config="true" signature="afterTest()[pri:0, instance:mavenTestWithJenkins.projectOneUsingMavenGitAndJenkins.TestNgLoginValidation@48aca48b]" started-at="2023-09-28T15:07:45 EDT" name="afterTest" finished-at="2023-09-28T15:07:46 EDT" duration-ms="134" status="PASS">
          <reporter-output>
          </reporter-output>
        </test-method> <!-- afterTest -->
      </class> <!-- mavenTestWithJenkins.projectOneUsingMavenGitAndJenkins.TestNgLoginValidation -->
    </test> <!-- myTest -->
  </suite> <!-- mySuite -->
</testng-results>
