<?xml version="1.0" encoding="UTF-8"?>
<testng-results ignored="0" total="2" passed="2" failed="0" skipped="0">
  <reporter-output>
    <line>
      <![CDATA[Browser Init and navigate to http://eaapp.somee.com/Account/Login]]>
    </line>
    <line>
      <![CDATA[
Home login button clicked and login page get open]]>
    </line>
    <line>
      <![CDATA[user name input]]>
    </line>
    <line>
      <![CDATA[password input]]>
    </line>
    <line>
      <![CDATA[click button clicked]]>
    </line>
    <line>
      <![CDATA[http://eaapp.somee.com/Account/Register]]>
    </line>
  </reporter-output>
  <suite started-at="2023-09-28T16:18:13 EDT" name="mySuite" finished-at="2023-09-28T16:18:19 EDT" duration-ms="6225">
    <groups>
    </groups>
    <test started-at="2023-09-28T16:18:13 EDT" name="myTest" finished-at="2023-09-28T16:18:17 EDT" duration-ms="3741">
      <class name="mavenTestWithJenkins.projectOneUsingMavenGitAndJenkins.TestNgLoginValidation">
        <test-method is-config="true" signature="beforeTest(java.lang.String,java.lang.String)[pri:0, instance:mavenTestWithJenkins.projectOneUsingMavenGitAndJenkins.TestNgLoginValidation@6bd61f98]" started-at="2023-09-28T16:18:13 EDT" name="beforeTest" finished-at="2023-09-28T16:18:16 EDT" duration-ms="3058" status="PASS">
          <params>
            <param index="0">
              <value>
                <![CDATA[http://eaapp.somee.com/Account/Login]]>
              </value>
            </param>
            <param index="1">
              <value>
                <![CDATA[chrome]]>
              </value>
            </param>
          </params>
          <reporter-output>
            <line>
              <![CDATA[Browser Init and navigate to http://eaapp.somee.com/Account/Login]]>
            </line>
          </reporter-output>
        </test-method> <!-- beforeTest -->
        <test-method signature="VerifyIfUserIsAbleToLoginWithValidUsernameButBlankPassword()[pri:0, instance:mavenTestWithJenkins.projectOneUsingMavenGitAndJenkins.TestNgLoginValidation@6bd61f98]" started-at="2023-09-28T16:18:16 EDT" name="VerifyIfUserIsAbleToLoginWithValidUsernameButBlankPassword" finished-at="2023-09-28T16:18:17 EDT" duration-ms="543" status="PASS">
          <reporter-output>
            <line>
              <![CDATA[
Home login button clicked and login page get open]]>
            </line>
            <line>
              <![CDATA[user name input]]>
            </line>
            <line>
              <![CDATA[password input]]>
            </line>
            <line>
              <![CDATA[click button clicked]]>
            </line>
          </reporter-output>
        </test-method> <!-- VerifyIfUserIsAbleToLoginWithValidUsernameButBlankPassword -->
        <test-method is-config="true" signature="afterTest()[pri:0, instance:mavenTestWithJenkins.projectOneUsingMavenGitAndJenkins.TestNgLoginValidation@6bd61f98]" started-at="2023-09-28T16:18:17 EDT" name="afterTest" finished-at="2023-09-28T16:18:17 EDT" duration-ms="111" status="PASS">
          <reporter-output>
          </reporter-output>
        </test-method> <!-- afterTest -->
      </class> <!-- mavenTestWithJenkins.projectOneUsingMavenGitAndJenkins.TestNgLoginValidation -->
    </test> <!-- myTest -->
    <test started-at="2023-09-28T16:18:17 EDT" name="myTest2" finished-at="2023-09-28T16:18:19 EDT" duration-ms="2461">
      <class name="mavenTestWithJenkins.projectOneUsingMavenGitAndJenkins.testNgRegisterValidation">
        <test-method is-config="true" signature="beforeTest(java.lang.String,java.lang.String)[pri:0, instance:mavenTestWithJenkins.projectOneUsingMavenGitAndJenkins.testNgRegisterValidation@20140db9]" started-at="2023-09-28T16:18:17 EDT" name="beforeTest" finished-at="2023-09-28T16:18:19 EDT" duration-ms="1899" status="PASS">
          <params>
            <param index="0">
              <value>
                <![CDATA[http://eaapp.somee.com/Account/Register]]>
              </value>
            </param>
            <param index="1">
              <value>
                <![CDATA[chrome]]>
              </value>
            </param>
          </params>
          <reporter-output>
            <line>
              <![CDATA[http://eaapp.somee.com/Account/Register]]>
            </line>
          </reporter-output>
        </test-method> <!-- beforeTest -->
        <test-method signature="verifyIfUserCanRegisterWithoutValidInformation()[pri:0, instance:mavenTestWithJenkins.projectOneUsingMavenGitAndJenkins.testNgRegisterValidation@20140db9]" started-at="2023-09-28T16:18:19 EDT" name="verifyIfUserCanRegisterWithoutValidInformation" finished-at="2023-09-28T16:18:19 EDT" duration-ms="414" status="PASS">
          <reporter-output>
          </reporter-output>
        </test-method> <!-- verifyIfUserCanRegisterWithoutValidInformation -->
        <test-method is-config="true" signature="afterTest()[pri:0, instance:mavenTestWithJenkins.projectOneUsingMavenGitAndJenkins.testNgRegisterValidation@20140db9]" started-at="2023-09-28T16:18:19 EDT" name="afterTest" finished-at="2023-09-28T16:18:19 EDT" duration-ms="144" status="PASS">
          <reporter-output>
          </reporter-output>
        </test-method> <!-- afterTest -->
      </class> <!-- mavenTestWithJenkins.projectOneUsingMavenGitAndJenkins.testNgRegisterValidation -->
    </test> <!-- myTest2 -->
  </suite> <!-- mySuite -->
</testng-results>
